<?xml version="1.0" encoding="UTF-8"?>
<testng-results skipped="0" failed="0" ignored="0" total="1" passed="1">
  <reporter-output>
  </reporter-output>
  <suite name="Default suite" duration-ms="12217" started-at="2020-11-28T15:24:48Z" finished-at="2020-11-28T15:25:00Z">
    <groups>
    </groups>
    <test name="Default test" duration-ms="12217" started-at="2020-11-28T15:24:48Z" finished-at="2020-11-28T15:25:00Z">
      <class name="test.NewAcctTest_XML">
        <test-method status="PASS" signature="login()[pri:0, instance:test.NewAcctTest_XML@45f45fa1]" name="login" duration-ms="12181" started-at="2020-11-28T15:24:48Z" finished-at="2020-11-28T15:25:00Z">
          <reporter-output>
          </reporter-output>
        </test-method> <!-- login -->
      </class> <!-- test.NewAcctTest_XML -->
    </test> <!-- Default test -->
  </suite> <!-- Default suite -->
</testng-results>
